<?xml version="1.0" encoding="UTF-8"?>
<testng-results ignored="0" total="2" passed="2" failed="0" skipped="0">
  <reporter-output>
  </reporter-output>
  <suite started-at="2022-01-24T12:32:44 GMT+08:00" name="Suite" finished-at="2022-01-24T12:32:46 GMT+08:00" duration-ms="1984">
    <groups>
    </groups>
    <test started-at="2022-01-24T12:32:44 GMT+08:00" name="Test" finished-at="2022-01-24T12:32:46 GMT+08:00" duration-ms="1984">
      <class name="com.sddevops.selenium_maven.eclipse.NewTest">
        <test-method is-config="true" signature="beforeTest()[pri:0, instance:com.sddevops.selenium_maven.eclipse.NewTest@3f56875e]" started-at="2022-01-24T12:32:44 GMT+08:00" name="beforeTest" finished-at="2022-01-24T12:32:45 GMT+08:00" duration-ms="886" status="PASS">
          <reporter-output>
          </reporter-output>
        </test-method> <!-- beforeTest -->
        <test-method signature="checkId()[pri:0, instance:com.sddevops.selenium_maven.eclipse.NewTest@3f56875e]" started-at="2022-01-24T12:32:45 GMT+08:00" name="checkId" finished-at="2022-01-24T12:32:46 GMT+08:00" duration-ms="338" status="PASS">
          <reporter-output>
          </reporter-output>
        </test-method> <!-- checkId -->
        <test-method signature="checkTitle()[pri:0, instance:com.sddevops.selenium_maven.eclipse.NewTest@3f56875e]" started-at="2022-01-24T12:32:46 GMT+08:00" name="checkTitle" finished-at="2022-01-24T12:32:46 GMT+08:00" duration-ms="649" status="PASS">
          <reporter-output>
          </reporter-output>
        </test-method> <!-- checkTitle -->
        <test-method is-config="true" signature="afterTest()[pri:0, instance:com.sddevops.selenium_maven.eclipse.NewTest@3f56875e]" started-at="2022-01-24T12:32:46 GMT+08:00" name="afterTest" finished-at="2022-01-24T12:32:46 GMT+08:00" duration-ms="90" status="PASS">
          <reporter-output>
          </reporter-output>
        </test-method> <!-- afterTest -->
      </class> <!-- com.sddevops.selenium_maven.eclipse.NewTest -->
    </test> <!-- Test -->
  </suite> <!-- Suite -->
</testng-results>
